<?xml version="1.0" encoding="UTF-8"?>
<!-- Generated by org.testng.reporters.JUnitXMLReporter -->
<testsuite ignored="0" hostname="DESKTOP-NO67EK8" failures="1" tests="2" name="Error Validation Test" time="32.645" errors="0" timestamp="05 Dec 2022 15:08:04 GMT">
  <testcase classname="PracticeECommerseAutomation.tests.ErrorValidationTest" name="loginErrorValidation" time="1.241"/>
  <testcase classname="PracticeECommerseAutomation.tests.ErrorValidationTest" name="productNotAvailableErrorTest" time="1.196">
    <failure type="java.lang.NullPointerException" message="Cannot invoke &amp;quot;org.openqa.selenium.WebElement.findElement(org.openqa.selenium.By)&amp;quot; because the return value of &amp;quot;PracticeECommerseAutomation.pageObjectMdel.ProductCatalog.getProductByName(String)&amp;quot; is null">
      <![CDATA[java.lang.NullPointerException: Cannot invoke "org.openqa.selenium.WebElement.findElement(org.openqa.selenium.By)" because the return value of "PracticeECommerseAutomation.pageObjectMdel.ProductCatalog.getProductByName(String)" is null
at PracticeECommerseAutomation.pageObjectMdel.ProductCatalog.addToCartProduct(ProductCatalog.java:48)
at PracticeECommerseAutomation.tests.ErrorValidationTest.productNotAvailableErrorTest(ErrorValidationTest.java:26)
... Removed 25 stack frames]]>
    </failure>
  </testcase> <!-- productNotAvailableErrorTest -->
</testsuite> <!-- Error Validation Test -->
